\BOOKMARK [0][-]{toc.0}{Inhaltsverzeichnis}{}% 1
\BOOKMARK [1][-]{section.1}{Theoretischer Teil}{toc.0}% 2
\BOOKMARK [2][-]{subsection.1.1}{Einleitung}{section.1}% 3
\BOOKMARK [2][-]{subsection.1.2}{Was ist Bildkompression?}{section.1}% 4
\BOOKMARK [2][-]{subsection.1.3}{Menschliches Sehen}{section.1}% 5
\BOOKMARK [2][-]{subsection.1.4}{Digitalisierung}{section.1}% 6
\BOOKMARK [3][-]{subsubsection.1.4.1}{Bilderzeugung}{subsection.1.4}% 7
\BOOKMARK [3][-]{subsubsection.1.4.2}{Abtastung}{subsection.1.4}% 8
\BOOKMARK [3][-]{subsubsection.1.4.3}{Quantisierung}{subsection.1.4}% 9
\BOOKMARK [2][-]{subsection.1.5}{Kompressionsarten}{section.1}% 10
\BOOKMARK [3][-]{subsubsection.1.5.1}{Verlustbehaftete Kompression}{subsection.1.5}% 11
\BOOKMARK [3][-]{subsubsection.1.5.2}{Verlustfreie Kompression}{subsection.1.5}% 12
\BOOKMARK [3][-]{subsubsection.1.5.3}{Vergleich Tabellarisch}{subsection.1.5}% 13
\BOOKMARK [2][-]{subsection.1.6}{Skalare Quantisierung}{section.1}% 14
\BOOKMARK [2][-]{subsection.1.7}{Vektorquantisierung}{section.1}% 15
\BOOKMARK [2][-]{subsection.1.8}{Das RGB-Farbmodell}{section.1}% 16
\BOOKMARK [2][-]{subsection.1.9}{Farbquantisierung}{section.1}% 17
\BOOKMARK [2][-]{subsection.1.10}{Zusammenfassung}{section.1}% 18
\BOOKMARK [2][-]{subsection.1.11}{Abbildungsverzeichnis}{section.1}% 19
\BOOKMARK [2][-]{subsection.1.12}{Literaturverzeichnis}{section.1}% 20
\BOOKMARK [2][-]{subsection.1.13}{Musskriterien}{section.1}% 21
\BOOKMARK [3][-]{subsubsection.1.13.1}{Kostenrahmen}{subsection.1.13}% 22
\BOOKMARK [2][-]{subsection.1.14}{Definitionen, Akronyme, Abk\374rzungen}{section.1}% 23
\BOOKMARK [1][-]{section.2}{Vergleich der vorhandenen drei APP's}{toc.0}% 24
\BOOKMARK [2][-]{subsection.2.1}{Speicherplatzbedarf}{section.2}% 25
\BOOKMARK [2][-]{subsection.2.2}{Speicherbelastung im Live-Betrieb}{section.2}% 26
\BOOKMARK [2][-]{subsection.2.3}{Vergleich der vorhandenen drei APP's}{section.2}% 27
\BOOKMARK [2][-]{subsection.2.4}{Beispielbilder}{section.2}% 28
\BOOKMARK [2][-]{subsection.2.5}{Produkteinsatz}{section.2}% 29
\BOOKMARK [3][-]{subsubsection.2.5.1}{Anwendungsbereiche}{subsection.2.5}% 30
\BOOKMARK [3][-]{subsubsection.2.5.2}{Zielgruppen, Qualifikationsniveau}{subsection.2.5}% 31
\BOOKMARK [2][-]{subsection.2.6}{Produktfunktionalit\344t}{section.2}% 32
\BOOKMARK [2][-]{subsection.2.7}{Randbedingungen}{section.2}% 33
\BOOKMARK [2][-]{subsection.2.8}{Annahmen und Abh\344ngigkeiten}{section.2}% 34
\BOOKMARK [1][-]{section.3}{Anforderungen}{toc.0}% 35
\BOOKMARK [2][-]{subsection.3.1}{Fachkonzept}{section.3}% 36
\BOOKMARK [3][-]{subsubsection.3.1.1}{Verwendete Bibliotheken von Drittanbieteren}{subsection.3.1}% 37
\BOOKMARK [3][-]{subsubsection.3.1.2}{betrachtete Quantisierungsverfahren}{subsection.3.1}% 38
\BOOKMARK [2][-]{subsection.3.2}{Anfordeungen f\374r Inbetriebnahme und Einsatz}{section.3}% 39
\BOOKMARK [3][-]{subsubsection.3.2.1}{Installationsprozedur}{subsection.3.2}% 40
\BOOKMARK [2][-]{subsection.3.3}{Qualit\344tsanforderungen}{section.3}% 41
\BOOKMARK [3][-]{subsubsection.3.3.1}{Qualit\344tsmerkmale}{subsection.3.3}% 42
\BOOKMARK [2][-]{subsection.3.4}{Anforderung an die Entwicklung}{section.3}% 43
\BOOKMARK [3][-]{subsubsection.3.4.1}{Entwicklungs-Umgebung}{subsection.3.4}% 44
\BOOKMARK [3][-]{subsubsection.3.4.2}{\304nderungsmanagement}{subsection.3.4}% 45
\BOOKMARK [1][-]{section.4}{Ergebnis}{toc.0}% 46
\BOOKMARK [2][-]{subsection.4.1}{\334bernommene Funktionalit\344ten}{section.4}% 47
\BOOKMARK [2][-]{subsection.4.2}{Nicht \374bernommene Funktionalit\344ten}{section.4}% 48
\BOOKMARK [2][-]{subsection.4.3}{Eigene Entwicklungen}{section.4}% 49
\BOOKMARK [2][-]{subsection.4.4}{Umfang der APP}{section.4}% 50
\BOOKMARK [2][-]{subsection.4.5}{Erscheinungsbild}{section.4}% 51
\BOOKMARK [2][-]{subsection.4.6}{Quellcode}{section.4}% 52
\BOOKMARK [3][-]{subsubsection.4.6.1}{Allgemein}{subsection.4.6}% 53
\BOOKMARK [3][-]{subsubsection.4.6.2}{MainActivity.java}{subsection.4.6}% 54
\BOOKMARK [3][-]{subsubsection.4.6.3}{Pixel.java}{subsection.4.6}% 55
\BOOKMARK [3][-]{subsubsection.4.6.4}{Skalar.java}{subsection.4.6}% 56
\BOOKMARK [2][-]{subsection.4.7}{Beispielbilder}{section.4}% 57
\BOOKMARK [2][-]{subsection.4.8}{Bildgr\366\337en}{section.4}% 58
\BOOKMARK [1][-]{section.5}{Anhang}{toc.0}% 59
\BOOKMARK [2][-]{subsection.5.1}{PVL Aufgabenbeschreibung}{section.5}% 60
\BOOKMARK [2][-]{subsection.5.2}{Analyseergebnisse durch System Monitor}{section.5}% 61
